<?xml version="1.0" encoding="UTF-8"?>
<testng-results ignored="0" total="1" passed="1" failed="0" skipped="0">
  <reporter-output>
  </reporter-output>
  <suite started-at="2024-11-04T11:22:27 IST" name="Default suite" finished-at="2024-11-04T11:22:30 IST" duration-ms="3390">
    <groups>
    </groups>
    <test started-at="2024-11-04T11:22:27 IST" name="Default test" finished-at="2024-11-04T11:22:30 IST" duration-ms="3390">
      <class name="regression.ValidateLogin">
        <test-method signature="ValidateLoginTest()[pri:0, instance:regression.ValidateLogin@6fd83fc1]" started-at="2024-11-04T11:22:27 IST" name="ValidateLoginTest" finished-at="2024-11-04T11:22:30 IST" duration-ms="3332" status="PASS">
          <reporter-output>
          </reporter-output>
        </test-method> <!-- ValidateLoginTest -->
      </class> <!-- regression.ValidateLogin -->
    </test> <!-- Default test -->
  </suite> <!-- Default suite -->
</testng-results>
